c:\users\mahmo\source\repos\escctrl\iti mini jam\x64\release\vc143.pdb
c:\users\mahmo\source\repos\escctrl\iti mini jam\x64\release\leveldesign.obj
c:\users\mahmo\source\repos\escctrl\iti mini jam\x64\release\game.obj
c:\users\mahmo\source\repos\escctrl\iti mini jam\x64\release\winningscreen.obj
c:\users\mahmo\source\repos\escctrl\iti mini jam\x64\release\ui.obj
c:\users\mahmo\source\repos\escctrl\iti mini jam\x64\release\soundmanager.obj
c:\users\mahmo\source\repos\escctrl\iti mini jam\x64\release\rainsystem.obj
c:\users\mahmo\source\repos\escctrl\iti mini jam\x64\release\player.obj
c:\users\mahmo\source\repos\escctrl\iti mini jam\x64\release\platform.obj
c:\users\mahmo\source\repos\escctrl\iti mini jam\x64\release\pausemenu.obj
c:\users\mahmo\source\repos\escctrl\iti mini jam\x64\release\parallaxbackground.obj
c:\users\mahmo\source\repos\escctrl\iti mini jam\x64\release\optionsmenu.obj
c:\users\mahmo\source\repos\escctrl\iti mini jam\x64\release\obstacle.obj
c:\users\mahmo\source\repos\escctrl\iti mini jam\x64\release\menu.obj
c:\users\mahmo\source\repos\escctrl\iti mini jam\x64\release\main.obj
c:\users\mahmo\source\repos\escctrl\iti mini jam\x64\release\level2.obj
c:\users\mahmo\source\repos\escctrl\iti mini jam\x64\release\gameoverscreen.obj
c:\users\mahmo\source\repos\escctrl\iti mini jam\x64\release\collisionmanager.obj
c:\users\mahmo\source\repos\escctrl\x64\release\iti mini jam.exe
c:\users\mahmo\source\repos\escctrl\x64\release\iti mini jam.pdb
c:\users\mahmo\source\repos\escctrl\iti mini jam\x64\release\iti mini jam.ipdb
c:\users\mahmo\source\repos\escctrl\iti mini jam\x64\release\iti mini jam.iobj
c:\users\mahmo\source\repos\escctrl\iti mini jam\x64\release\iti mini jam.tlog\cl.command.1.tlog
c:\users\mahmo\source\repos\escctrl\iti mini jam\x64\release\iti mini jam.tlog\cl.items.tlog
c:\users\mahmo\source\repos\escctrl\iti mini jam\x64\release\iti mini jam.tlog\cl.read.1.tlog
c:\users\mahmo\source\repos\escctrl\iti mini jam\x64\release\iti mini jam.tlog\cl.write.1.tlog
c:\users\mahmo\source\repos\escctrl\iti mini jam\x64\release\iti mini jam.tlog\link.command.1.tlog
c:\users\mahmo\source\repos\escctrl\iti mini jam\x64\release\iti mini jam.tlog\link.read.1.tlog
c:\users\mahmo\source\repos\escctrl\iti mini jam\x64\release\iti mini jam.tlog\link.secondary.1.tlog
c:\users\mahmo\source\repos\escctrl\iti mini jam\x64\release\iti mini jam.tlog\link.write.1.tlog
