c:\users\mahmo\source\repos\escctrl\iti mini jam\x64\debug\vc143.pdb
c:\users\mahmo\source\repos\escctrl\iti mini jam\x64\debug\vc143.idb
c:\users\mahmo\source\repos\escctrl\iti mini jam\x64\debug\ui.obj
c:\users\mahmo\source\repos\escctrl\iti mini jam\x64\debug\obstacle.obj
c:\users\mahmo\source\repos\escctrl\iti mini jam\x64\debug\soundmanager.obj
c:\users\mahmo\source\repos\escctrl\iti mini jam\x64\debug\rainsystem.obj
c:\users\mahmo\source\repos\escctrl\iti mini jam\x64\debug\player.obj
c:\users\mahmo\source\repos\escctrl\iti mini jam\x64\debug\platform.obj
c:\users\mahmo\source\repos\escctrl\iti mini jam\x64\debug\parallaxbackground.obj
c:\users\mahmo\source\repos\escctrl\iti mini jam\x64\debug\optionsmenu.obj
c:\users\mahmo\source\repos\escctrl\iti mini jam\x64\debug\menu.obj
c:\users\mahmo\source\repos\escctrl\iti mini jam\x64\debug\main.obj
c:\users\mahmo\source\repos\escctrl\iti mini jam\x64\debug\leveldesign.obj
c:\users\mahmo\source\repos\escctrl\iti mini jam\x64\debug\gameoverscreen.obj
c:\users\mahmo\source\repos\escctrl\iti mini jam\x64\debug\game.obj
c:\users\mahmo\source\repos\escctrl\iti mini jam\x64\debug\collisionmanager.obj
c:\users\mahmo\source\repos\escctrl\x64\debug\iti mini jam.exe
c:\users\mahmo\source\repos\escctrl\x64\debug\iti mini jam.pdb
c:\users\mahmo\source\repos\escctrl\iti mini jam\x64\debug\iti mini jam.ilk
c:\users\mahmo\source\repos\escctrl\iti mini jam\x64\debug\iti mini jam.tlog\cl.command.1.tlog
c:\users\mahmo\source\repos\escctrl\iti mini jam\x64\debug\iti mini jam.tlog\cl.items.tlog
c:\users\mahmo\source\repos\escctrl\iti mini jam\x64\debug\iti mini jam.tlog\cl.read.1.tlog
c:\users\mahmo\source\repos\escctrl\iti mini jam\x64\debug\iti mini jam.tlog\cl.write.1.tlog
c:\users\mahmo\source\repos\escctrl\iti mini jam\x64\debug\iti mini jam.tlog\link.command.1.tlog
c:\users\mahmo\source\repos\escctrl\iti mini jam\x64\debug\iti mini jam.tlog\link.read.1.tlog
c:\users\mahmo\source\repos\escctrl\iti mini jam\x64\debug\iti mini jam.tlog\link.secondary.1.tlog
c:\users\mahmo\source\repos\escctrl\iti mini jam\x64\debug\iti mini jam.tlog\link.write.1.tlog
